2026-02-15 11:29:12,362 | INFO     | 🚀 Iniciando consolidación final de CAPA 2
2026-02-15 11:29:12,362 | INFO     | 📚 Cargando metadatos...
2026-02-15 11:29:12,363 | INFO     | 📄 Cargando JSON existente...
2026-02-15 11:29:12,364 | INFO     | 🔍 Extrayendo mejores versiones de genealogías...
2026-02-15 11:29:12,365 | WARNING  | ⚠️ TSR 102: No se encontró versión
2026-02-15 11:29:12,366 | WARNING  | ⚠️ TSR 103: No se encontró versión
2026-02-15 11:29:12,367 | WARNING  | ⚠️ TSR 104: No se encontró versión
2026-02-15 11:29:12,367 | WARNING  | ⚠️ TSR 105: No se encontró versión
2026-02-15 11:29:12,369 | WARNING  | ⚠️ TSR 106: No se encontró versión
2026-02-15 11:29:12,369 | WARNING  | ⚠️ TSR 107: No se encontró versión
2026-02-15 11:29:12,370 | WARNING  | ⚠️ TSR 108: No se encontró versión
2026-02-15 11:29:12,371 | WARNING  | ⚠️ TSR 109: No se encontró versión
2026-02-15 11:29:12,372 | WARNING  | ⚠️ TSR 110: No se encontró versión
2026-02-15 11:29:12,373 | WARNING  | ⚠️ TSR 111: No se encontró versión
2026-02-15 11:29:12,374 | WARNING  | ⚠️ TSR 112: No se encontró versión
2026-02-15 11:29:12,375 | WARNING  | ⚠️ TSR 113: No se encontró versión
2026-02-15 11:29:12,376 | WARNING  | ⚠️ TSR 114: No se encontró versión
2026-02-15 11:29:12,377 | WARNING  | ⚠️ TSR 115: No se encontró versión
2026-02-15 11:29:12,378 | WARNING  | ⚠️ TSR 116: No se encontró versión
2026-02-15 11:29:12,379 | WARNING  | ⚠️ TSR 117: No se encontró versión
2026-02-15 11:29:12,380 | WARNING  | ⚠️ TSR 118: No se encontró versión
2026-02-15 11:29:12,381 | WARNING  | ⚠️ TSR 119: No se encontró versión
2026-02-15 11:29:12,382 | WARNING  | ⚠️ TSR 120: No se encontró versión
2026-02-15 11:29:12,382 | INFO     | 💾 Guardando JSON consolidado...
2026-02-15 11:29:12,383 | INFO     | 📝 Generando MD consolidado...
2026-02-15 11:29:12,383 | INFO     | 
============================================================
2026-02-15 11:29:12,383 | INFO     | 📊 ESTADÍSTICAS FINALES
2026-02-15 11:29:12,383 | INFO     | ============================================================
2026-02-15 11:29:12,384 | INFO     | ✅ TSRs procesados: 0
2026-02-15 11:29:12,384 | INFO     | 📚 Total palabras: 0
2026-02-15 11:29:12,384 | INFO     | 📈 Promedio por TSR: 0 palabras
2026-02-15 11:29:12,384 | INFO     | 📁 JSON guardado: C:\Users\alien\Downloads\cíclope_mitologías_verbales\cíclope_en_siete_capas\capas\CAPA2_genealogia\TSR_CAPA2_FINAL_CONSOLIDADO.json
2026-02-15 11:29:12,384 | INFO     | 📄 MD guardado: C:\Users\alien\Downloads\cíclope_mitologías_verbales\cíclope_en_siete_capas\capas\CAPA2_genealogia\TSR_CAPA2_FINAL_CONSOLIDADO.md
2026-02-15 11:29:12,384 | INFO     | ============================================================
