2026-02-14 01:22:41,771 | INFO     | ================================================================================
2026-02-14 01:22:41,771 | INFO     | REINTENTOS DE GENEALOGÍAS TRUNCADAS
2026-02-14 01:22:41,772 | INFO     | ================================================================================
2026-02-14 01:22:41,772 | INFO     | TSR102: 516 palabras (OK)
2026-02-14 01:22:41,772 | INFO     | TSR103: 260 palabras (truncada)
2026-02-14 01:22:41,773 | INFO     | TSR104: 106 palabras (truncada)
2026-02-14 01:22:41,773 | INFO     | TSR105: 55 palabras (truncada)
2026-02-14 01:22:41,773 | INFO     | TSR106: 52 palabras (truncada)
2026-02-14 01:22:41,774 | INFO     | TSR107: 629 palabras (OK)
2026-02-14 01:22:41,774 | INFO     | TSR108: 503 palabras (OK)
2026-02-14 01:22:41,774 | INFO     | TSR109: 434 palabras (truncada)
2026-02-14 01:22:41,775 | INFO     | TSR110: 368 palabras (truncada)
2026-02-14 01:22:41,775 | INFO     | TSR111: 254 palabras (truncada)
2026-02-14 01:22:41,775 | INFO     | TSR112: 493 palabras (truncada)
2026-02-14 01:22:41,776 | INFO     | TSR113: 224 palabras (truncada)
2026-02-14 01:22:41,776 | INFO     | TSR114: 129 palabras (truncada)
2026-02-14 01:22:41,776 | INFO     | TSR115: 99 palabras (truncada)
2026-02-14 01:22:41,777 | INFO     | TSR116: 78 palabras (truncada)
2026-02-14 01:22:41,777 | INFO     | TSR117: 564 palabras (OK)
2026-02-14 01:22:41,777 | INFO     | TSR118: 390 palabras (truncada)
2026-02-14 01:22:41,778 | INFO     | TSR119: 259 palabras (truncada)
2026-02-14 01:22:41,778 | INFO     | TSR120: 103 palabras (truncada)
2026-02-14 01:22:41,778 | INFO     | Found 15 genealogías truncadas:
2026-02-14 01:22:41,778 | INFO     |   - TSR103: Blanchot: el fragmento sin promesa de totalidad
2026-02-14 01:22:41,778 | INFO     |   - TSR104: El fragmento romántico como infinito concentrado
2026-02-14 01:22:41,779 | INFO     |   - TSR105: Blanchot contra Schlegel: la brecha irresoluble
2026-02-14 01:22:41,779 | INFO     |   - TSR106: Colores como botín teológico
2026-02-14 01:22:41,779 | INFO     |   - TSR109: Klein: el vacío azul como apropiación inmaterial
2026-02-14 01:22:41,779 | INFO     |   - TSR110: El color como ventana mística
2026-02-14 01:22:41,779 | INFO     |   - TSR111: Escritura nacida del inventario
2026-02-14 01:22:41,779 | INFO     |   - TSR112: Tablilla vs. papiro: la tecnología como episteme
2026-02-14 01:22:41,780 | INFO     |   - TSR113: Leer como apropiación, no como obediencia
2026-02-14 01:22:41,780 | INFO     |   - TSR114: Foucault: la verdad como archivo de enunciados
2026-02-14 01:22:41,780 | INFO     |   - TSR115: Eiségesis: el error que somos
2026-02-14 01:22:41,780 | INFO     |   - TSR116: El aforismo como esqueleto del pensamiento
2026-02-14 01:22:41,780 | INFO     |   - TSR118: Freire: alfabetizar es desactivar el hechizo
2026-02-14 01:22:41,780 | INFO     |   - TSR119: Leer en voz alta: erotizar la sintaxis
2026-02-14 01:22:41,780 | INFO     |   - TSR120: Leer para dejar de ser el mismo
2026-02-14 01:22:41,780 | INFO     | 
PROCESANDO 1/15: TSR103
2026-02-14 01:22:41,780 | INFO     |   Tokens input: 255, output: 4000
2026-02-14 01:22:41,781 | INFO     | INTENTO 1/3
2026-02-14 01:22:51,820 | INFO     | OK: 4543 caracteres, 15 citations
2026-02-14 01:22:51,822 | INFO     | Guardado: TSR103 (625 palabras)
2026-02-14 01:22:51,822 | INFO     | TSR103: 625 palabras OK
2026-02-14 01:22:51,822 | INFO     | Pausa 8 segundos...
2026-02-14 01:22:59,823 | INFO     | 
PROCESANDO 2/15: TSR104
2026-02-14 01:22:59,823 | INFO     |   Tokens input: 256, output: 4000
2026-02-14 01:22:59,823 | INFO     | INTENTO 1/3
2026-02-14 01:23:10,460 | INFO     | OK: 4919 caracteres, 15 citations
2026-02-14 01:23:10,462 | INFO     | Guardado: TSR104 (670 palabras)
2026-02-14 01:23:10,462 | INFO     | TSR104: 670 palabras OK
2026-02-14 01:23:10,462 | INFO     | Pausa 8 segundos...
2026-02-14 01:23:18,463 | INFO     | 
PROCESANDO 3/15: TSR105
2026-02-14 01:23:18,463 | INFO     |   Tokens input: 255, output: 4000
2026-02-14 01:23:18,463 | INFO     | INTENTO 1/3
2026-02-14 01:23:29,791 | INFO     | OK: 5149 caracteres, 12 citations
2026-02-14 01:23:29,793 | INFO     | Guardado: TSR105 (677 palabras)
2026-02-14 01:23:29,793 | INFO     | TSR105: 677 palabras OK
2026-02-14 01:23:29,794 | INFO     | Pausa 8 segundos...
2026-02-14 01:23:37,794 | INFO     | 
PROCESANDO 4/15: TSR106
2026-02-14 01:23:37,794 | INFO     |   Tokens input: 236, output: 4000
2026-02-14 01:23:37,794 | INFO     | INTENTO 1/3
2026-02-14 01:23:45,059 | INFO     | OK: 1715 caracteres, 15 citations
2026-02-14 01:23:45,061 | ERROR    | TSR106: Error procesando respuesta: Expecting value: line 1 column 1 (char 0)
2026-02-14 01:23:45,061 | INFO     | Pausa 8 segundos...
2026-02-14 01:23:53,062 | INFO     | 
PROCESANDO 5/15: TSR109
2026-02-14 01:23:53,062 | INFO     |   Tokens input: 256, output: 4000
2026-02-14 01:23:53,062 | INFO     | INTENTO 1/3
2026-02-14 01:24:03,649 | INFO     | OK: 4908 caracteres, 1 citations
2026-02-14 01:24:03,650 | WARNING  | TSR109: 708 palabras (fuera de rango)
2026-02-14 01:24:03,650 | INFO     | Pausa 8 segundos...
2026-02-14 01:24:11,651 | INFO     | 
PROCESANDO 6/15: TSR110
2026-02-14 01:24:11,651 | INFO     |   Tokens input: 237, output: 4000
2026-02-14 01:24:11,652 | INFO     | INTENTO 1/3
2026-02-14 01:24:22,337 | INFO     | OK: 4963 caracteres, 15 citations
2026-02-14 01:24:22,340 | INFO     | Guardado: TSR110 (660 palabras)
2026-02-14 01:24:22,340 | INFO     | TSR110: 660 palabras OK
2026-02-14 01:24:22,340 | INFO     | Pausa 8 segundos...
2026-02-14 01:24:30,340 | INFO     | 
PROCESANDO 7/15: TSR111
2026-02-14 01:24:30,341 | INFO     |   Tokens input: 239, output: 4000
2026-02-14 01:24:30,341 | INFO     | INTENTO 1/3
2026-02-14 01:24:43,110 | INFO     | OK: 5566 caracteres, 15 citations
2026-02-14 01:24:43,111 | WARNING  | TSR111: 721 palabras (fuera de rango)
2026-02-14 01:24:43,111 | INFO     | Pausa 8 segundos...
2026-02-14 01:24:51,112 | INFO     | 
PROCESANDO 8/15: TSR112
2026-02-14 01:24:51,112 | INFO     |   Tokens input: 256, output: 4000
2026-02-14 01:24:51,112 | INFO     | INTENTO 1/3
2026-02-14 01:24:56,970 | INFO     | OK: 1855 caracteres, 15 citations
2026-02-14 01:24:56,971 | ERROR    | TSR112: Error procesando respuesta: Expecting value: line 1 column 1 (char 0)
2026-02-14 01:24:56,971 | INFO     | Pausa 8 segundos...
2026-02-14 01:25:04,972 | INFO     | 
PROCESANDO 9/15: TSR113
2026-02-14 01:25:04,972 | INFO     |   Tokens input: 249, output: 4000
2026-02-14 01:25:04,973 | INFO     | INTENTO 1/3
2026-02-14 01:25:15,323 | INFO     | OK: 4817 caracteres, 15 citations
2026-02-14 01:25:15,325 | INFO     | Guardado: TSR113 (635 palabras)
2026-02-14 01:25:15,325 | INFO     | TSR113: 635 palabras OK
2026-02-14 01:25:15,325 | INFO     | Pausa 8 segundos...
2026-02-14 01:25:23,326 | INFO     | 
PROCESANDO 10/15: TSR114
2026-02-14 01:25:23,326 | INFO     |   Tokens input: 254, output: 4000
2026-02-14 01:25:23,326 | INFO     | INTENTO 1/3
2026-02-14 01:25:37,741 | INFO     | OK: 4547 caracteres, 15 citations
2026-02-14 01:25:37,743 | INFO     | Guardado: TSR114 (652 palabras)
2026-02-14 01:25:37,744 | INFO     | TSR114: 652 palabras OK
2026-02-14 01:25:37,744 | INFO     | Pausa 8 segundos...
2026-02-14 01:25:45,744 | INFO     | 
PROCESANDO 11/15: TSR115
2026-02-14 01:25:45,745 | INFO     |   Tokens input: 237, output: 4000
2026-02-14 01:25:45,745 | INFO     | INTENTO 1/3
2026-02-14 01:25:53,558 | INFO     | OK: 2048 caracteres, 15 citations
2026-02-14 01:25:53,560 | ERROR    | TSR115: Error procesando respuesta: Expecting value: line 1 column 1 (char 0)
2026-02-14 01:25:53,560 | INFO     | Pausa 8 segundos...
2026-02-14 01:26:01,560 | INFO     | 
PROCESANDO 12/15: TSR116
2026-02-14 01:26:01,561 | INFO     |   Tokens input: 250, output: 4000
2026-02-14 01:26:01,561 | INFO     | INTENTO 1/3
2026-02-14 01:26:13,185 | INFO     | OK: 5104 caracteres, 15 citations
2026-02-14 01:26:13,188 | INFO     | Guardado: TSR116 (685 palabras)
2026-02-14 01:26:13,188 | INFO     | TSR116: 685 palabras OK
2026-02-14 01:26:13,188 | INFO     | Pausa 8 segundos...
2026-02-14 01:26:21,188 | INFO     | 
PROCESANDO 13/15: TSR118
2026-02-14 01:26:21,189 | INFO     |   Tokens input: 252, output: 4000
2026-02-14 01:26:21,189 | INFO     | INTENTO 1/3
2026-02-14 01:26:33,251 | INFO     | OK: 4591 caracteres, 15 citations
2026-02-14 01:26:33,254 | INFO     | Guardado: TSR118 (608 palabras)
2026-02-14 01:26:33,254 | INFO     | TSR118: 608 palabras OK
2026-02-14 01:26:33,254 | INFO     | Pausa 8 segundos...
2026-02-14 01:26:41,255 | INFO     | 
PROCESANDO 14/15: TSR119
2026-02-14 01:26:41,255 | INFO     |   Tokens input: 246, output: 4000
2026-02-14 01:26:41,255 | INFO     | INTENTO 1/3
2026-02-14 01:26:56,693 | INFO     | OK: 4909 caracteres, 3 citations
2026-02-14 01:26:56,695 | WARNING  | TSR119: 710 palabras (fuera de rango)
2026-02-14 01:26:56,695 | INFO     | Pausa 8 segundos...
2026-02-14 01:27:04,696 | INFO     | 
PROCESANDO 15/15: TSR120
2026-02-14 01:27:04,696 | INFO     |   Tokens input: 239, output: 4000
2026-02-14 01:27:04,697 | INFO     | INTENTO 1/3
2026-02-14 01:27:15,750 | INFO     | OK: 5021 caracteres, 15 citations
2026-02-14 01:27:15,751 | WARNING  | TSR120: 702 palabras (fuera de rango)
2026-02-14 01:27:15,751 | INFO     | 
================================================================================
2026-02-14 01:27:15,751 | INFO     | PROCESO COMPLETADO
2026-02-14 01:27:15,752 | INFO     | ================================================================================
2026-02-14 01:27:15,752 | INFO     | Exitosos: 8
2026-02-14 01:27:15,752 | INFO     | Fallidos: 7
2026-02-14 01:27:15,752 | INFO     | Tiempo total: 273.98s
2026-02-14 01:27:15,752 | INFO     | ================================================================================
