2026-02-14 01:09:11,453 | INFO     | ================================================================================
2026-02-14 01:09:11,453 | INFO     | INICIANDO GENERACIÓN DE GENEALOGÍAS (v3 MEJORADA)
2026-02-14 01:09:11,453 | INFO     | ================================================================================
2026-02-14 01:09:11,453 | INFO     | 
Cargando metadatos...
2026-02-14 01:09:11,455 | INFO     | OK: 19 TSRs cargados (102-120)
2026-02-14 01:09:11,455 | INFO     | 
Generando megaprompt...
2026-02-14 01:09:11,455 | INFO     | FASE 1: GENERACIÓN DE MEGAPROMPT
2026-02-14 01:09:11,455 | INFO     |   Prompt size: 1769 caracteres, ~590 tokens
2026-02-14 01:09:11,455 | INFO     | 
Enviando a Sonar...
2026-02-14 01:09:11,455 | INFO     | FASE 2: LLAMADA A SONAR API (v3 - MEJORADA)
2026-02-14 01:09:11,455 | INFO     |   Tokens estimados (input): 590
2026-02-14 01:09:11,456 | INFO     |   Tokens máximos (output): 32000
2026-02-14 01:09:11,456 | INFO     |   max_tokens: 32000 (ajustado dinámicamente)
2026-02-14 01:09:11,456 | INFO     |   search_mode: academic
2026-02-14 01:09:11,456 | INFO     |   response_format: no soportado (usando prompt)
2026-02-14 01:09:11,456 | INFO     | INTENTO 1/3
2026-02-14 01:09:11,458 | DEBUG    | Starting new HTTPS connection (1): api.perplexity.ai:443
2026-02-14 01:09:32,884 | DEBUG    | https://api.perplexity.ai:443 "POST /chat/completions HTTP/1.1" 200 None
2026-02-14 01:09:32,886 | INFO     |   Status: 200 | Tiempo: 21.43s
2026-02-14 01:09:32,886 | INFO     | OK HTTP 200 OK
2026-02-14 01:09:32,886 | INFO     | OK Respuesta guardada
2026-02-14 01:09:32,887 | INFO     | OK Contenido: 11559 caracteres
2026-02-14 01:09:32,887 | INFO     | OK Citations académicas: 15
2026-02-14 01:09:32,887 | INFO     | OK Search results: 15
2026-02-14 01:09:32,888 | INFO     | OK Citations guardadas
2026-02-14 01:09:32,889 | INFO     | 
Validando respuesta...
2026-02-14 01:09:32,889 | INFO     | FASE 3: VALIDACIÓN DE RESPUESTA
2026-02-14 01:09:32,889 | DEBUG    | Limpiando JSON...
2026-02-14 01:09:32,889 | DEBUG    |   JSON limpio: 11559 caracteres
2026-02-14 01:09:32,889 | INFO     | OK JSON válido
2026-02-14 01:09:32,889 | INFO     | OK Estructura correcta
2026-02-14 01:09:32,889 | INFO     | OK Cantidad: 19 genealogías
2026-02-14 01:09:32,890 | WARNING  | ADVERTENCIA 0/19 en rango correcto
2026-02-14 01:09:32,890 | WARNING  | ADVERTENCIA 19 problemas detectados
2026-02-14 01:09:32,890 | WARNING  | ADVERTENCIA Validación parcial, continuando...
2026-02-14 01:09:32,891 | INFO     | Respuesta problemática guardada en 'error_response.txt'
2026-02-14 01:09:32,891 | INFO     | 
Guardando resultados...
2026-02-14 01:09:32,891 | INFO     | FASE 4: PROCESAMIENTO Y GUARDADO
2026-02-14 01:09:32,891 | DEBUG    | Limpiando JSON...
2026-02-14 01:09:32,891 | DEBUG    |   JSON limpio: 11559 caracteres
2026-02-14 01:09:32,892 | INFO     | OK TSR102: 395 palabras
2026-02-14 01:09:32,892 | INFO     | OK TSR103: 289 palabras
2026-02-14 01:09:32,893 | INFO     | OK TSR104: 181 palabras
2026-02-14 01:09:32,893 | INFO     | OK TSR105: 79 palabras
2026-02-14 01:09:32,894 | INFO     | OK TSR106: 41 palabras
2026-02-14 01:09:32,894 | INFO     | OK TSR107: 19 palabras
2026-02-14 01:09:32,894 | INFO     | OK TSR108: 21 palabras
2026-02-14 01:09:32,895 | INFO     | OK TSR109: 14 palabras
2026-02-14 01:09:32,895 | INFO     | OK TSR110: 17 palabras
2026-02-14 01:09:32,896 | INFO     | OK TSR111: 16 palabras
2026-02-14 01:09:32,896 | INFO     | OK TSR112: 18 palabras
2026-02-14 01:09:32,896 | INFO     | OK TSR113: 14 palabras
2026-02-14 01:09:32,897 | INFO     | OK TSR114: 20 palabras
2026-02-14 01:09:32,897 | INFO     | OK TSR115: 13 palabras
2026-02-14 01:09:32,898 | INFO     | OK TSR116: 12 palabras
2026-02-14 01:09:32,898 | INFO     | OK TSR117: 13 palabras
2026-02-14 01:09:32,898 | INFO     | OK TSR118: 15 palabras
2026-02-14 01:09:32,899 | INFO     | OK TSR119: 15 palabras
2026-02-14 01:09:32,899 | INFO     | OK TSR120: 18 palabras
2026-02-14 01:09:32,900 | INFO     | Metricas guardadas: 2 ejecuciones registradas
2026-02-14 01:09:32,901 | INFO     | 
================================================================================
2026-02-14 01:09:32,901 | INFO     | PROCESO COMPLETADO
2026-02-14 01:09:32,901 | INFO     | ================================================================================
2026-02-14 01:09:32,901 | INFO     | Genealogías procesadas: 19/19
2026-02-14 01:09:32,901 | INFO     | Palabras totales: 1,210
2026-02-14 01:09:32,901 | INFO     | Promedio palabras/genealogía: 63
2026-02-14 01:09:32,901 | INFO     | Tiempo total: 21.45s
2026-02-14 01:09:32,901 | INFO     | Citaciones académicas: 15
2026-02-14 01:09:32,901 | INFO     | Resultados de búsqueda: 15
2026-02-14 01:09:32,902 | WARNING  | ADVERTENCIA Problemas detectados: 19
2026-02-14 01:09:32,902 | WARNING  |    - TSR102: 395 palabras
2026-02-14 01:09:32,902 | WARNING  |    - TSR103: 289 palabras
2026-02-14 01:09:32,902 | WARNING  |    - TSR104: 181 palabras
2026-02-14 01:09:32,902 | WARNING  |    - TSR105: 79 palabras
2026-02-14 01:09:32,902 | WARNING  |    - TSR106: 41 palabras
2026-02-14 01:09:32,902 | INFO     | 
PROCESO PARCIAL
2026-02-14 01:09:32,902 | INFO     | ================================================================================
